13.03.2025 17:34:48 - log: Load engine in C:\ProgramData\cocos\editors\Creator\3.8.2\resources\resources\3d\engine
13.03.2025 17:34:49 - log: Profile changed: engine (modules.includeModules: 2d,animation,audio,base,custom-pipeline,gfx-webgl,gfx-webgl2,particle-2d,profiler,tween,ui,video,webview)
13.03.2025 17:34:49 - log: Register native engine in C:\ProgramData\cocos\editors\Creator\3.8.2\resources\resources\3d\engine\native
13.03.2025 17:34:59 - info: [PreviewInEditor] preview process is ready
13.03.2025 17:34:59 - log: [Scene] meshopt wasm decoder initialized
13.03.2025 17:34:59 - log: [Scene] [box2d]:box2d wasm lib loaded.
13.03.2025 17:34:59 - log: [Scene] [bullet]:bullet wasm lib loaded.
13.03.2025 17:35:00 - log: [Scene] [PHYSICS]: using builtin.
13.03.2025 17:35:00 - log: [Scene] Cocos Creator v3.8.2
13.03.2025 17:35:00 - info: [Scene] Forward render pipeline initialized.
13.03.2025 17:35:00 - log: [Scene] [PHYSICS2D]: switch from box2d-wasm to builtin.
13.03.2025 17:36:51 - info: [Window] Download the Vue Devtools extension for a better development experience:
https://github.com/vuejs/vue-devtools
13.03.2025 17:36:51 - info: [Window] You are running Vue in development mode.
Make sure to turn on production mode when deploying for production.
See more tips at https://vuejs.org/guide/deployment.html
13.03.2025 17:37:05 - warn: [Assets] [build-script][[Build.Script.Rollup]] Circular dependency: file:///D:/Cocos/CocosSolitaireCreative/assets/scripts/solitaire/Card.ts -> file:///D:/Cocos/CocosSolitaireCreative/assets/scripts/solitaire/GameController.ts -> file:///D:/Cocos/CocosSolitaireCreative/assets/scripts/solitaire/Card.ts
[Assets] [build-script][[Build.Script.Rollup]] Circular dependency: file:///D:/Cocos/CocosSolitaireCreative/assets/scripts/solitaire/Card.ts -> file:///D:/Cocos/CocosSolitaireCreative/assets/scripts/solitaire/GameController.ts -> file:///D:/Cocos/CocosSolitaireCreative/assets/scripts/solitaire/Card.ts
  
at Object.warn (C:\ProgramData\cocos\editors\Creator\3.8.2\resources\app.asar\node_modules\@base\electron-logger\lib\renderer.ccc:1:1260)  
at Object.warn (C:\ProgramData\cocos\editors\Creator\3.8.2\resources\app.asar\builtin\asset-db\dist\worker\console.ccc:1:1530)  
at NewConsole.warn (C:\ProgramData\cocos\editors\Creator\3.8.2\resources\app.asar\builtin\builder\dist\worker\console.ccc:1:2267)  
at Socket.<anonymous> (C:\ProgramData\cocos\editors\Creator\3.8.2\resources\app.asar\builtin\builder\dist\worker\worker-pools\sub-process-manager.ccc:1:3499)  
at Socket.emit (events.js:315:20)  
at addChunk (internal/streams/readable.js:309:12)  
at readableAddChunk (internal/streams/readable.js:284:9)  
at Socket.Readable.push (internal/streams/readable.js:223:10)  
at Pipe.onStreamRead (internal/stream_base_commons.js:188:23)
