20.03.2025 14:37:45 - debug: =================================== build Task (web-mobile) Start ================================
20.03.2025 14:37:45 - debug: Start build task, options:{"name":"SolitaireCreative","server":"","platform":"web-mobile","buildPath":"project://build","debug":false,"md5Cache":false,"skipCompressTexture":false,"sourceMaps":false,"polyfills":{"asyncFunctions":true},"experimentalEraseModules":false,"startSceneAssetBundle":false,"bundleConfigs":[],"useBuiltinServer":false,"mainBundleIsRemote":false,"mainBundleCompressionType":"merge_dep","useSplashScreen":false,"bundleCommonChunk":false,"packAutoAtlas":true,"startScene":"dc2dda4d-4285-4c9b-a5be-643ce0534e83","outputName":"web-mobile","taskName":"web-mobile","scenes":[{"url":"db://assets/scenes/main.scene","uuid":"dc2dda4d-4285-4c9b-a5be-643ce0534e83"}],"overwriteProjectSettings":{"includeModules":{"gfx-webgl2":"inherit-project-setting"}},"packages":{"engine":{"cleanupImageCache":"inheritProjectSetting","__version__":"1.0.8"},"adsense-h5g-plugin":{"enableAdsense":false,"enableTestAd":false,"__version__":"1.0.1","AFPHostPropertyCode":"ca-host-pub-5396158963872751","AFPHostDomain":"douyougame.com","otherAFPHostPropertyCode":"","otherAFPDomain":""},"cocos-service":{"configID":"a250cd","services":[],"__version__":"3.0.7"},"web-mobile":{"orientation":"portrait","embedWebDebugger":false,"cullEngineAsmJsModule":false,"useWebGPU":false,"__version__":"1.0.1"}},"__version__":"1.3.7","buildMode":"normal","logDest":"project://temp/builder/log/web-mobile20.03.2025 14-37.log"}
20.03.2025 14:37:45 - debug: Build with Cocos Creator 3.8.2
20.03.2025 14:37:45 - debug: cocos-service:(onBeforeBuild) start..., progress: 0%
20.03.2025 14:37:45 - debug: // ---- build task cocos-service：onBeforeBuild ----
20.03.2025 14:37:46 - debug: // ---- build task cocos-service：onBeforeBuild ---- (714ms)
20.03.2025 14:37:46 - debug: cocos-service:(onBeforeBuild) in 714 ms ✓, progress: 2%
20.03.2025 14:37:46 - debug: scene:(onBeforeBuild) start..., progress: 2%
20.03.2025 14:37:46 - debug: // ---- build task scene：onBeforeBuild ----
20.03.2025 14:37:46 - debug: // ---- build task scene：onBeforeBuild ---- (35ms)
20.03.2025 14:37:46 - debug: scene:(onBeforeBuild) in 35 ms ✓, progress: 4%
20.03.2025 14:37:46 - debug: Start lock asset db..., progress: 4%
20.03.2025 14:37:46 - log: Asset DB is paused with build!
20.03.2025 14:37:46 - debug: Query all assets info in project
20.03.2025 14:37:46 - debug: init custom config: keepNodeUuid: false, useCache: true
20.03.2025 14:37:46 - debug:   Number of all scenes: 1
20.03.2025 14:37:46 - debug:   Number of all scripts: 16
20.03.2025 14:37:46 - debug:   Number of other assets: 390
20.03.2025 14:37:46 - debug: web-mobile:(onAfterInit) start..., progress: 4%
20.03.2025 14:37:46 - debug: // ---- build task web-mobile：onAfterInit ----
20.03.2025 14:37:46 - debug: // ---- build task web-mobile：onAfterInit ---- (23ms)
20.03.2025 14:37:46 - debug: web-mobile:(onAfterInit) in 23 ms ✓, progress: 7%
20.03.2025 14:37:46 - debug: cocos-service:(onAfterInit) start..., progress: 7%
20.03.2025 14:37:46 - debug: // ---- build task cocos-service：onAfterInit ----
20.03.2025 14:37:46 - debug: // ---- build task cocos-service：onAfterInit ---- (367ms)
20.03.2025 14:37:46 - debug: cocos-service:(onAfterInit) in 367 ms ✓, progress: 9%
20.03.2025 14:37:46 - debug: engine:(onAfterInit) start..., progress: 9%
20.03.2025 14:37:46 - debug: // ---- build task engine：onAfterInit ----
20.03.2025 14:37:46 - debug: // ---- build task engine：onAfterInit ---- (32ms)
20.03.2025 14:37:46 - debug: engine:(onAfterInit) in 32 ms ✓, progress: 11%
20.03.2025 14:37:46 - debug: adsense-h5g-plugin:(onBeforeBundleInit) start..., progress: 11%
20.03.2025 14:37:46 - debug: // ---- build task adsense-h5g-plugin：onBeforeBundleInit ----
20.03.2025 14:37:46 - debug: [adsense-h5g-plugin] remove script success
20.03.2025 14:37:46 - debug: // ---- build task adsense-h5g-plugin：onBeforeBundleInit ---- (40ms)
20.03.2025 14:37:46 - debug: adsense-h5g-plugin:(onBeforeBundleInit) in 40 ms ✓, progress: 11%
20.03.2025 14:37:46 - debug: Init all bundles start..., progress: 11%
20.03.2025 14:37:46 - debug: Num of bundles: 3..., progress: 11%
20.03.2025 14:37:46 - debug: reload all scripts.
20.03.2025 14:37:46 - debug: Set detail map pack:///resolution-detail-map.json: {}
20.03.2025 14:37:46 - groupCollapsed: Invalidate all modules
20.03.2025 14:37:46 - debug: Unregister DebugViewRuntimeControl
20.03.2025 14:37:46 - debug: Unregister StoreController
20.03.2025 14:37:46 - debug: Unregister StoreButtonComponent
20.03.2025 14:37:46 - debug: Unregister Blocker
20.03.2025 14:37:46 - debug: Unregister Word
20.03.2025 14:37:46 - debug: Unregister Letter
20.03.2025 14:37:46 - debug: Unregister ResultScreen
20.03.2025 14:37:46 - debug: Unregister SoundController
20.03.2025 14:37:46 - debug: Unregister GameController
20.03.2025 14:37:46 - debug: Unregister Card
20.03.2025 14:37:46 - debug: Unregister Text
20.03.2025 14:37:46 - debug: Unregister TutorialHandMover
20.03.2025 14:37:46 - debug: Unregister ScreenScaler
20.03.2025 14:37:46 - debug: Invalidating 'pack:///chunks/93/93ba276ea7b26ffcdc433fab14afc1ed6f05647b.js'
20.03.2025 14:37:46 - debug: Invalidating 'pack:///chunks/6d/6d8fd2b0177941b032ddc0733af48a561fb60657.js'
20.03.2025 14:37:46 - debug: Invalidating 'pack:///chunks/dd/dd8ffe4b66ab421921fe26a7524871e3101b074e.js'
20.03.2025 14:37:46 - debug: Invalidating 'pack:///chunks/93/93c3779d5fadd5c8745b7de819307631d10787cd.js'
20.03.2025 14:37:46 - debug: Invalidating 'pack:///chunks/6a/6a5019a719a9014c047e67aa1cf34453ab8392ce.js'
20.03.2025 14:37:46 - debug: Invalidating 'pack:///chunks/77/77906dee3d98492894b50c7de99f48faee2dd461.js'
20.03.2025 14:37:46 - debug: Invalidating 'pack:///chunks/0e/0e55dff55ab1bf34b7b940a388d8e903e00b4778.js'
20.03.2025 14:37:46 - debug: Invalidating 'pack:///chunks/09/09ddf93620a28a2c5a78fd722d8b27f0b00d56aa.js'
20.03.2025 14:37:46 - debug: Invalidating 'pack:///chunks/da/da5cbf94118edc9df073e29647c8c46970f50b83.js'
20.03.2025 14:37:46 - debug: Invalidating 'pack:///chunks/eb/eb9aec31b330f42ea4099cb191f8ddf22f2550e8.js'
20.03.2025 14:37:46 - debug: Invalidating 'pack:///chunks/e9/e9d35cea5ace03bf3cecefe01e4103dac37b0302.js'
20.03.2025 14:37:46 - debug: Invalidating 'pack:///chunks/73/731eb87eb1694620359ab9fadf0d7b4591aa646c.js'
20.03.2025 14:37:46 - debug: Invalidating 'pack:///chunks/5d/5d7a8a3ab690e77ab3534d15f891866ecc8fa3fa.js'
20.03.2025 14:37:46 - debug: Invalidating 'pack:///chunks/89/89899f2f538bc689a2ae40ce4802b86cb59343d4.js'
20.03.2025 14:37:46 - debug: Invalidating 'pack:///chunks/9e/9eda43c462c230fb58a6184f9dbd7710690bd3c5.js'
20.03.2025 14:37:46 - debug: Invalidating 'pack:///chunks/80/80694765410dacc24fa6fe495b29084a893044ee.js'
20.03.2025 14:37:46 - debug: Invalidating 'pack:///chunks/51/51d11f5898811b12faad3f121aaa4cc4e0ae4ac8.js'
20.03.2025 14:37:46 - debug: Invalidating 'pack:///chunks/a7/a70709c2ebe87f7c9113eea729a541c2dcb4642c.js'
20.03.2025 14:37:46 - debug: Invalidating 'pack:///chunks/fb/fbcf85ac8d3edb017310648d1e2563b16eead162.js'
20.03.2025 14:37:46 - groupEnd: Invalidate all modules
20.03.2025 14:37:46 - groupCollapsed: Imports all modules
20.03.2025 14:37:46 - debug: [[Executor]] Module "pack:///chunks/93/93ba276ea7b26ffcdc433fab14afc1ed6f05647b.js" loaded.
20.03.2025 14:37:46 - debug: D:\Cocos\work\CocosSolitaireCreative\temp\programming\packer-driver\targets\editor\chunks\6d\6d8fd2b0177941b032ddc0733af48a561fb60657.js resolved to D:\Cocos\work\CocosSolitaireCreative\temp\programming\packer-driver\targets\editor\chunks\6d\6d8fd2b0177941b032ddc0733af48a561fb60657.js is not in module cache!
20.03.2025 14:37:46 - debug: [[Executor]] Module "pack:///chunks/6d/6d8fd2b0177941b032ddc0733af48a561fb60657.js" loaded.
20.03.2025 14:37:46 - debug: [[Executor]] Register DebugViewRuntimeControl
20.03.2025 14:37:46 - debug: [[Executor]] Module "pack:///chunks/dd/dd8ffe4b66ab421921fe26a7524871e3101b074e.js" loaded.
20.03.2025 14:37:46 - debug: [[Executor]] Module "pack:///chunks/6a/6a5019a719a9014c047e67aa1cf34453ab8392ce.js" loaded.
20.03.2025 14:37:46 - debug: [[Executor]] Module "pack:///chunks/77/77906dee3d98492894b50c7de99f48faee2dd461.js" loaded.
20.03.2025 14:37:46 - debug: [[Executor]] Register StoreController
20.03.2025 14:37:46 - debug: [[Executor]] Module "pack:///chunks/93/93c3779d5fadd5c8745b7de819307631d10787cd.js" loaded.
20.03.2025 14:37:46 - debug: [[Executor]] Register StoreButtonComponent
20.03.2025 14:37:46 - debug: [[Executor]] Module "pack:///chunks/09/09ddf93620a28a2c5a78fd722d8b27f0b00d56aa.js" loaded.
20.03.2025 14:37:46 - debug: [[Executor]] Register Blocker
20.03.2025 14:37:46 - debug: [[Executor]] Module "pack:///chunks/0e/0e55dff55ab1bf34b7b940a388d8e903e00b4778.js" loaded.
20.03.2025 14:37:46 - debug: [[Executor]] Register Word
20.03.2025 14:37:46 - debug: [[Executor]] Module "pack:///chunks/e9/e9d35cea5ace03bf3cecefe01e4103dac37b0302.js" loaded.
20.03.2025 14:37:46 - debug: [[Executor]] Register Letter
20.03.2025 14:37:46 - debug: [[Executor]] Module "pack:///chunks/73/731eb87eb1694620359ab9fadf0d7b4591aa646c.js" loaded.
20.03.2025 14:37:46 - debug: [[Executor]] Register ResultScreen
20.03.2025 14:37:46 - debug: [[Executor]] Module "pack:///chunks/5d/5d7a8a3ab690e77ab3534d15f891866ecc8fa3fa.js" loaded.
20.03.2025 14:37:46 - debug: [[Executor]] Register SoundController
20.03.2025 14:37:46 - debug: [[Executor]] Module "pack:///chunks/89/89899f2f538bc689a2ae40ce4802b86cb59343d4.js" loaded.
20.03.2025 14:37:46 - debug: [[Executor]] Register GameController
20.03.2025 14:37:46 - debug: [[Executor]] Module "pack:///chunks/eb/eb9aec31b330f42ea4099cb191f8ddf22f2550e8.js" loaded.
20.03.2025 14:37:46 - debug: [[Executor]] Register Card
20.03.2025 14:37:46 - debug: [[Executor]] Module "pack:///chunks/da/da5cbf94118edc9df073e29647c8c46970f50b83.js" loaded.
20.03.2025 14:37:46 - debug: [[Executor]] Module "pack:///chunks/9e/9eda43c462c230fb58a6184f9dbd7710690bd3c5.js" loaded.
20.03.2025 14:37:46 - debug: [[Executor]] Module "pack:///chunks/80/80694765410dacc24fa6fe495b29084a893044ee.js" loaded.
20.03.2025 14:37:46 - debug: [[Executor]] Register Text
20.03.2025 14:37:46 - debug: [[Executor]] Module "pack:///chunks/51/51d11f5898811b12faad3f121aaa4cc4e0ae4ac8.js" loaded.
20.03.2025 14:37:46 - debug: [[Executor]] Register TutorialHandMover
20.03.2025 14:37:46 - debug: [[Executor]] Module "pack:///chunks/a7/a70709c2ebe87f7c9113eea729a541c2dcb4642c.js" loaded.
20.03.2025 14:37:46 - debug: D:\Cocos\work\CocosSolitaireCreative\temp\programming\packer-driver\targets\editor\chunks\fb\fbcf85ac8d3edb017310648d1e2563b16eead162.js resolved to D:\Cocos\work\CocosSolitaireCreative\temp\programming\packer-driver\targets\editor\chunks\fb\fbcf85ac8d3edb017310648d1e2563b16eead162.js is not in module cache!
20.03.2025 14:37:46 - debug: [[Executor]] Register ScreenScaler
20.03.2025 14:37:46 - debug: [[Executor]] Module "pack:///chunks/fb/fbcf85ac8d3edb017310648d1e2563b16eead162.js" loaded.
20.03.2025 14:37:46 - debug: [[Executor]] Module "pack:///chunks/6d/6d8fd2b0177941b032ddc0733af48a561fb60657.js" loaded.
20.03.2025 14:37:46 - groupEnd: Imports all modules
20.03.2025 14:37:46 - debug: Incremental keys: 
20.03.2025 14:37:46 - debug: web-mobile:(onAfterBundleInit) start..., progress: 11%
20.03.2025 14:37:46 - debug: // ---- build task web-mobile：onAfterBundleInit ----
20.03.2025 14:37:46 - debug: // ---- build task web-mobile：onAfterBundleInit ---- (20ms)
20.03.2025 14:37:46 - debug: web-mobile:(onAfterBundleInit) in 20 ms ✓, progress: 11%
20.03.2025 14:37:46 - debug: Query asset bundle start, progress: 11%
20.03.2025 14:37:46 - debug: // ---- build task Query asset bundle ----
20.03.2025 14:37:46 - debug: Init bundle root assets start..., progress: 11%
20.03.2025 14:37:46 - debug: Query preload assets from cc.config.json: 60f7195c-ec2a-45eb-ba94-8955f60e81d0,1c02ae6f-4492-4915-b8f8-7492a3b1e4cd,810e96e4-e456-4468-9b59-f4e8f39732c0,efe8e2a3-eace-427b-b4f1-cb8a937ec77d,e9aa9a3e-5b2b-4ac7-a2c7-073de2b2b24f,8bbdbcdd-5cd4-4100-b6d5-b7c9625b6107,50f4348b-c883-4e2f-8f11-ce233b859fa1,fda095cb-831d-4601-ad94-846013963de8,f92806d7-1768-443f-afe8-12bcde84d0f0,dd3a144d-ab7f-41f0-82b8-2e43a090d496,f0416e68-0200-4b77-a926-4f9d16e494da,970b0598-bcb0-4714-91fb-2e81440dccd8,bcd64cc6-2dd9-43f6-abbe-66318d332032,d930590d-bb92-4cc8-8bd1-23cd027f9edf,a3cd009f-0ab0-420d-9278-b9fdab939bbc,15049ccd-4dd7-451e-a8ae-af66735c929e,521c5f6e-1a26-42e2-8108-4400c912d9bf,4c3ce6de-e6d1-47f7-aa36-36b9b58f72d3,4361db28-3f24-44cc-8e51-32ee5fd651ac,cafd95c9-c558-46f9-9812-1224b65c09ee,28d6d6b8-3f66-4a73-9795-17a0852ba2d4,2df0a40b-26c2-47ce-be0d-4d3cd4164737,dace6a58-1705-48c7-a275-70afc9534e88,ec8106fe-05bf-4e94-943c-e0d3b7bb5e45,39f74202-ead5-4a45-b966-273d526adbf1,8f6ac413-2f1e-4b88-b26f-54556b5dd510,45e7c0c8-2699-4912-b45f-d42bb8384189,84ac6f69-3086-455a-86a4-561da8ee710b,5c601d96-e4c7-4698-991b-7ee674b11079,bf0a6d94-58f0-4ad2-bdf2-c4a31c7dd856,871c3b6c-7379-419d-bda3-794b239ab90d
20.03.2025 14:37:46 - debug: Init bundle root assets success..., progress: 11%
20.03.2025 14:37:46 - debug: Init bundle share assets start..., progress: 11%
20.03.2025 14:37:46 - debug: Init bundle share assets success..., progress: 11%
20.03.2025 14:37:46 - debug: handle json group in bundle internal
20.03.2025 14:37:46 - debug: handle json group in bundle internal success
20.03.2025 14:37:46 - debug: handle json group in bundle resources
20.03.2025 14:37:46 - debug: handle json group in bundle main
20.03.2025 14:37:46 - debug: init image compress task 0 in bundle internal
20.03.2025 14:37:46 - debug: handle json group in bundle resources success
20.03.2025 14:37:46 - debug: init image compress task 0 in bundle resources
20.03.2025 14:37:46 - debug: handle json group in bundle main success
20.03.2025 14:37:46 - debug: init image compress task 11 in bundle main
20.03.2025 14:37:46 - debug: // ---- build task Query asset bundle ---- (126ms)
20.03.2025 14:37:46 - debug: run build task Query asset bundle success in 126 ms√, progress: 16%
20.03.2025 14:37:46 - debug: [Build Memory track]: Query asset bundle start:247.67MB, end 247.59MB, increase: -85.18KB
20.03.2025 14:37:46 - debug: Query asset bundle start, progress: 16%
20.03.2025 14:37:46 - debug: // ---- build task Query asset bundle ----
20.03.2025 14:37:47 - debug: // ---- build task Query asset bundle ---- (41ms)
20.03.2025 14:37:47 - debug: run build task Query asset bundle success in 41 ms√, progress: 21%
20.03.2025 14:37:47 - debug: [Build Memory track]: Query asset bundle start:247.61MB, end 247.67MB, increase: 65.57KB
20.03.2025 14:37:47 - debug: web-mobile:(onAfterBundleDataTask) start..., progress: 21%
20.03.2025 14:37:47 - debug: // ---- build task web-mobile：onAfterBundleDataTask ----
20.03.2025 14:37:47 - debug: // ---- build task web-mobile：onAfterBundleDataTask ---- (31ms)
20.03.2025 14:37:47 - debug: web-mobile:(onAfterBundleDataTask) in 31 ms ✓, progress: 21%
20.03.2025 14:37:47 - debug: Build script start, progress: 21%
20.03.2025 14:37:47 - debug: // ---- build task Build script ----
20.03.2025 14:37:48 - debug: Generate systemJs..., progress: 21%
20.03.2025 14:37:50 - debug: Build project script start..., progress: 21%
20.03.2025 14:37:50 - debug: Build script in bundle start, progress: 21%
20.03.2025 14:37:50 - log: Run build task(build-script) in child, see: chrome://inspect/#devices
20.03.2025 14:37:51 - log: [build-script]enter sub process 18924, C:\ProgramData\cocos\editors\Creator\3.8.2\CocosCreator.exe,C:\ProgramData\cocos\editors\Creator\3.8.2\resources\app.asar\builtin\builder\static\sub-process-index
20.03.2025 14:37:53 - warn: [build-script][[Build.Script.Rollup]] Circular dependency: file:///D:/Cocos/work/CocosSolitaireCreative/assets/scripts/solitaire/Card.ts -> file:///D:/Cocos/work/CocosSolitaireCreative/assets/scripts/solitaire/GameController.ts -> file:///D:/Cocos/work/CocosSolitaireCreative/assets/scripts/solitaire/Card.ts
20.03.2025 14:37:54 - debug: excute-script over with build-script 3799ms
20.03.2025 14:37:54 - debug: Copy externalScripts success!
20.03.2025 14:37:54 - debug: Build script in bundle success, progress: 21%
20.03.2025 14:37:54 - debug: Build project script in (3862 ms) √, progress: 21%
20.03.2025 14:37:54 - debug: Build engine start..., progress: 21%
20.03.2025 14:37:54 - debug: Use cache engine: {link(C:\Users\sasha\AppData\Local\Temp\CocosCreator\3.8.2\builder\engine\2aa992e55a92258e4cb8847a32e4b4a6)}
20.03.2025 14:37:54 - debug: {"debug":false,"sourceMaps":false,"includeModules":["2d","animation","audio","base","custom-pipeline","gfx-webgl","gfx-webgl2","particle-2d","profiler","tween","ui","video","webview"],"engineVersion":"3.8.2","md5Map":[],"engineName":"cocos-js","platform":"HTML5","useCache":true,"isNative":false,"split":false,"ammoJsWasm":"fallback","assetURLFormat":"runtime-resolved","output":"D:\\Cocos\\work\\CocosSolitaireCreative\\build\\web-mobile\\cocos-js","flags":{"DEBUG":false,"WASM_FALLBACK":true,"CULL_ASM_JS_MODULE":false,"WEBGPU":false,"CULL_MESHOPT":true},"entry":"C:\\ProgramData\\cocos\\editors\\Creator\\3.8.2\\resources\\resources\\3d\\engine"}
20.03.2025 14:37:54 - debug: Build engine in (111 ms) √, progress: 21%
20.03.2025 14:37:54 - debug: Copy plugin script ..., progress: 21%
20.03.2025 14:37:54 - debug: Generate import-map..., progress: 21%
20.03.2025 14:37:54 - debug: // ---- build task Build script ---- (7524ms)
20.03.2025 14:37:54 - debug: run build task Build script success in 7 s√, progress: 26%
20.03.2025 14:37:54 - debug: [Build Memory track]: Build script start:247.86MB, end 287.77MB, increase: 39.90MB
20.03.2025 14:37:54 - debug: Build Assets start, progress: 26%
20.03.2025 14:37:54 - debug: // ---- build task Build Assets ----
20.03.2025 14:37:54 - debug: Build bundles..., progress: 26%
20.03.2025 14:37:54 - debug: Pack Images start, progress: 26%
20.03.2025 14:37:54 - debug: builder:pack-auto-atlas-image (74ms)
20.03.2025 14:37:54 - debug: Pack Images success, progress: 26%
20.03.2025 14:37:54 - debug: Compress image start..., progress: 26%
20.03.2025 14:37:54 - group: Compress image...
20.03.2025 14:37:54 - debug: Use cache compress image of {Asset(17baa3e8-8c49-42d7-b116-681adfea90b3)} ({link(D:\Cocos\work\CocosSolitaireCreative\temp\builder\CompressTexture\17\17baa3e8-8c49-42d7-b116-681adfea90b3.astc)})
20.03.2025 14:37:54 - debug: Use cache compress image of {Asset(17baa3e8-8c49-42d7-b116-681adfea90b3)} ({link(D:\Cocos\work\CocosSolitaireCreative\temp\builder\CompressTexture\17\17baa3e8-8c49-42d7-b116-681adfea90b3.pkm)})
20.03.2025 14:37:54 - debug: Use cache compress image of {Asset(17baa3e8-8c49-42d7-b116-681adfea90b3)} ({link(D:\Cocos\work\CocosSolitaireCreative\temp\builder\CompressTexture\17\17baa3e8-8c49-42d7-b116-681adfea90b3.pvr)})
20.03.2025 14:37:54 - debug: Use cache compress image of {Asset(17baa3e8-8c49-42d7-b116-681adfea90b3)} ({link(D:\Cocos\work\CocosSolitaireCreative\temp\builder\CompressTexture\17\17baa3e8-8c49-42d7-b116-681adfea90b3.png)})
20.03.2025 14:37:54 - debug: Use cache compress image of {Asset(26070fdd-87ea-4f33-b4b5-039186c01fe7)} ({link(D:\Cocos\work\CocosSolitaireCreative\temp\builder\CompressTexture\26\26070fdd-87ea-4f33-b4b5-039186c01fe7.astc)})
20.03.2025 14:37:54 - debug: Use cache compress image of {Asset(26070fdd-87ea-4f33-b4b5-039186c01fe7)} ({link(D:\Cocos\work\CocosSolitaireCreative\temp\builder\CompressTexture\26\26070fdd-87ea-4f33-b4b5-039186c01fe7.pkm)})
20.03.2025 14:37:54 - debug: Use cache compress image of {Asset(26070fdd-87ea-4f33-b4b5-039186c01fe7)} ({link(D:\Cocos\work\CocosSolitaireCreative\temp\builder\CompressTexture\26\26070fdd-87ea-4f33-b4b5-039186c01fe7.pvr)})
20.03.2025 14:37:54 - debug: Use cache compress image of {Asset(26070fdd-87ea-4f33-b4b5-039186c01fe7)} ({link(D:\Cocos\work\CocosSolitaireCreative\temp\builder\CompressTexture\26\26070fdd-87ea-4f33-b4b5-039186c01fe7.png)})
20.03.2025 14:37:54 - debug: Use cache compress image of {Asset(3822d17d-6024-4998-aaf9-448ba294e7d8)} ({link(D:\Cocos\work\CocosSolitaireCreative\temp\builder\CompressTexture\38\3822d17d-6024-4998-aaf9-448ba294e7d8.astc)})
20.03.2025 14:37:54 - debug: Use cache compress image of {Asset(3822d17d-6024-4998-aaf9-448ba294e7d8)} ({link(D:\Cocos\work\CocosSolitaireCreative\temp\builder\CompressTexture\38\3822d17d-6024-4998-aaf9-448ba294e7d8.pkm)})
20.03.2025 14:37:54 - debug: Use cache compress image of {Asset(3822d17d-6024-4998-aaf9-448ba294e7d8)} ({link(D:\Cocos\work\CocosSolitaireCreative\temp\builder\CompressTexture\38\3822d17d-6024-4998-aaf9-448ba294e7d8.pvr)})
20.03.2025 14:37:54 - debug: Use cache compress image of {Asset(3822d17d-6024-4998-aaf9-448ba294e7d8)} ({link(D:\Cocos\work\CocosSolitaireCreative\temp\builder\CompressTexture\38\3822d17d-6024-4998-aaf9-448ba294e7d8.png)})
20.03.2025 14:37:54 - debug: Use cache compress image of {Asset(4d7666f6-f37f-4eb8-bf14-5b12c8a59f6e)} ({link(D:\Cocos\work\CocosSolitaireCreative\temp\builder\CompressTexture\4d\4d7666f6-f37f-4eb8-bf14-5b12c8a59f6e.astc)})
20.03.2025 14:37:54 - debug: Use cache compress image of {Asset(4d7666f6-f37f-4eb8-bf14-5b12c8a59f6e)} ({link(D:\Cocos\work\CocosSolitaireCreative\temp\builder\CompressTexture\4d\4d7666f6-f37f-4eb8-bf14-5b12c8a59f6e.pkm)})
20.03.2025 14:37:54 - debug: Use cache compress image of {Asset(4d7666f6-f37f-4eb8-bf14-5b12c8a59f6e)} ({link(D:\Cocos\work\CocosSolitaireCreative\temp\builder\CompressTexture\4d\4d7666f6-f37f-4eb8-bf14-5b12c8a59f6e.pvr)})
20.03.2025 14:37:54 - debug: Use cache compress image of {Asset(4d7666f6-f37f-4eb8-bf14-5b12c8a59f6e)} ({link(D:\Cocos\work\CocosSolitaireCreative\temp\builder\CompressTexture\4d\4d7666f6-f37f-4eb8-bf14-5b12c8a59f6e.png)})
20.03.2025 14:37:54 - debug: Use cache compress image of {Asset(aa88f858-6a7c-4e50-85df-16dbaa991162)} ({link(D:\Cocos\work\CocosSolitaireCreative\temp\builder\CompressTexture\aa\aa88f858-6a7c-4e50-85df-16dbaa991162.astc)})
20.03.2025 14:37:54 - debug: Use cache compress image of {Asset(aa88f858-6a7c-4e50-85df-16dbaa991162)} ({link(D:\Cocos\work\CocosSolitaireCreative\temp\builder\CompressTexture\aa\aa88f858-6a7c-4e50-85df-16dbaa991162.pkm)})
20.03.2025 14:37:54 - debug: Use cache compress image of {Asset(aa88f858-6a7c-4e50-85df-16dbaa991162)} ({link(D:\Cocos\work\CocosSolitaireCreative\temp\builder\CompressTexture\aa\aa88f858-6a7c-4e50-85df-16dbaa991162.pvr)})
20.03.2025 14:37:54 - debug: Use cache compress image of {Asset(aa88f858-6a7c-4e50-85df-16dbaa991162)} ({link(D:\Cocos\work\CocosSolitaireCreative\temp\builder\CompressTexture\aa\aa88f858-6a7c-4e50-85df-16dbaa991162.png)})
20.03.2025 14:37:54 - debug: Use cache compress image of {Asset(c7fdad19-7aa5-4fe3-a781-4c3868ccd1a4)} ({link(D:\Cocos\work\CocosSolitaireCreative\temp\builder\CompressTexture\c7\c7fdad19-7aa5-4fe3-a781-4c3868ccd1a4.astc)})
20.03.2025 14:37:54 - debug: Use cache compress image of {Asset(c7fdad19-7aa5-4fe3-a781-4c3868ccd1a4)} ({link(D:\Cocos\work\CocosSolitaireCreative\temp\builder\CompressTexture\c7\c7fdad19-7aa5-4fe3-a781-4c3868ccd1a4.pkm)})
20.03.2025 14:37:54 - debug: Use cache compress image of {Asset(c7fdad19-7aa5-4fe3-a781-4c3868ccd1a4)} ({link(D:\Cocos\work\CocosSolitaireCreative\temp\builder\CompressTexture\c7\c7fdad19-7aa5-4fe3-a781-4c3868ccd1a4.pvr)})
20.03.2025 14:37:54 - debug: Use cache compress image of {Asset(c7fdad19-7aa5-4fe3-a781-4c3868ccd1a4)} ({link(D:\Cocos\work\CocosSolitaireCreative\temp\builder\CompressTexture\c7\c7fdad19-7aa5-4fe3-a781-4c3868ccd1a4.png)})
20.03.2025 14:37:54 - debug: Use cache compress image of {Asset(d5fc1acd-3841-4205-86a4-cc9d4f150b67)} ({link(D:\Cocos\work\CocosSolitaireCreative\temp\builder\CompressTexture\d5\d5fc1acd-3841-4205-86a4-cc9d4f150b67.astc)})
20.03.2025 14:37:54 - debug: Use cache compress image of {Asset(d5fc1acd-3841-4205-86a4-cc9d4f150b67)} ({link(D:\Cocos\work\CocosSolitaireCreative\temp\builder\CompressTexture\d5\d5fc1acd-3841-4205-86a4-cc9d4f150b67.pkm)})
20.03.2025 14:37:54 - debug: Use cache compress image of {Asset(d5fc1acd-3841-4205-86a4-cc9d4f150b67)} ({link(D:\Cocos\work\CocosSolitaireCreative\temp\builder\CompressTexture\d5\d5fc1acd-3841-4205-86a4-cc9d4f150b67.pvr)})
20.03.2025 14:37:54 - debug: Use cache compress image of {Asset(d5fc1acd-3841-4205-86a4-cc9d4f150b67)} ({link(D:\Cocos\work\CocosSolitaireCreative\temp\builder\CompressTexture\d5\d5fc1acd-3841-4205-86a4-cc9d4f150b67.png)})
20.03.2025 14:37:54 - debug: Use cache compress image of {Asset(e231b14e-adfa-4f5e-aeeb-769161fb5653)} ({link(D:\Cocos\work\CocosSolitaireCreative\temp\builder\CompressTexture\e2\e231b14e-adfa-4f5e-aeeb-769161fb5653.astc)})
20.03.2025 14:37:54 - debug: Use cache compress image of {Asset(e231b14e-adfa-4f5e-aeeb-769161fb5653)} ({link(D:\Cocos\work\CocosSolitaireCreative\temp\builder\CompressTexture\e2\e231b14e-adfa-4f5e-aeeb-769161fb5653.pkm)})
20.03.2025 14:37:54 - debug: Use cache compress image of {Asset(e231b14e-adfa-4f5e-aeeb-769161fb5653)} ({link(D:\Cocos\work\CocosSolitaireCreative\temp\builder\CompressTexture\e2\e231b14e-adfa-4f5e-aeeb-769161fb5653.pvr)})
20.03.2025 14:37:54 - debug: Use cache compress image of {Asset(e231b14e-adfa-4f5e-aeeb-769161fb5653)} ({link(D:\Cocos\work\CocosSolitaireCreative\temp\builder\CompressTexture\e2\e231b14e-adfa-4f5e-aeeb-769161fb5653.png)})
20.03.2025 14:37:54 - debug: Use cache compress image of {Asset(e65b4630-c4d4-4a6c-9d7d-11197bf9b9af)} ({link(D:\Cocos\work\CocosSolitaireCreative\temp\builder\CompressTexture\e6\e65b4630-c4d4-4a6c-9d7d-11197bf9b9af.astc)})
20.03.2025 14:37:54 - debug: Use cache compress image of {Asset(e65b4630-c4d4-4a6c-9d7d-11197bf9b9af)} ({link(D:\Cocos\work\CocosSolitaireCreative\temp\builder\CompressTexture\e6\e65b4630-c4d4-4a6c-9d7d-11197bf9b9af.pkm)})
20.03.2025 14:37:54 - debug: Use cache compress image of {Asset(e65b4630-c4d4-4a6c-9d7d-11197bf9b9af)} ({link(D:\Cocos\work\CocosSolitaireCreative\temp\builder\CompressTexture\e6\e65b4630-c4d4-4a6c-9d7d-11197bf9b9af.pvr)})
20.03.2025 14:37:54 - debug: Use cache compress image of {Asset(e65b4630-c4d4-4a6c-9d7d-11197bf9b9af)} ({link(D:\Cocos\work\CocosSolitaireCreative\temp\builder\CompressTexture\e6\e65b4630-c4d4-4a6c-9d7d-11197bf9b9af.png)})
20.03.2025 14:37:54 - debug: Use cache compress image of {Asset(f15eae12-5007-44d5-893b-d7ee6b208441)} ({link(D:\Cocos\work\CocosSolitaireCreative\temp\builder\CompressTexture\f1\f15eae12-5007-44d5-893b-d7ee6b208441.astc)})
20.03.2025 14:37:54 - debug: Use cache compress image of {Asset(f15eae12-5007-44d5-893b-d7ee6b208441)} ({link(D:\Cocos\work\CocosSolitaireCreative\temp\builder\CompressTexture\f1\f15eae12-5007-44d5-893b-d7ee6b208441.pkm)})
20.03.2025 14:37:54 - debug: Use cache compress image of {Asset(f15eae12-5007-44d5-893b-d7ee6b208441)} ({link(D:\Cocos\work\CocosSolitaireCreative\temp\builder\CompressTexture\f1\f15eae12-5007-44d5-893b-d7ee6b208441.pvr)})
20.03.2025 14:37:54 - debug: Use cache compress image of {Asset(f15eae12-5007-44d5-893b-d7ee6b208441)} ({link(D:\Cocos\work\CocosSolitaireCreative\temp\builder\CompressTexture\f1\f15eae12-5007-44d5-893b-d7ee6b208441.png)})
20.03.2025 14:37:54 - debug: Use cache compress image of {Asset(fb4f930a-5251-42e3-8e74-3c6832d9ddfe)} ({link(D:\Cocos\work\CocosSolitaireCreative\temp\builder\CompressTexture\fb\fb4f930a-5251-42e3-8e74-3c6832d9ddfe.astc)})
20.03.2025 14:37:54 - debug: Use cache compress image of {Asset(fb4f930a-5251-42e3-8e74-3c6832d9ddfe)} ({link(D:\Cocos\work\CocosSolitaireCreative\temp\builder\CompressTexture\fb\fb4f930a-5251-42e3-8e74-3c6832d9ddfe.pkm)})
20.03.2025 14:37:54 - debug: Use cache compress image of {Asset(fb4f930a-5251-42e3-8e74-3c6832d9ddfe)} ({link(D:\Cocos\work\CocosSolitaireCreative\temp\builder\CompressTexture\fb\fb4f930a-5251-42e3-8e74-3c6832d9ddfe.pvr)})
20.03.2025 14:37:54 - debug: Use cache compress image of {Asset(fb4f930a-5251-42e3-8e74-3c6832d9ddfe)} ({link(D:\Cocos\work\CocosSolitaireCreative\temp\builder\CompressTexture\fb\fb4f930a-5251-42e3-8e74-3c6832d9ddfe.png)})
20.03.2025 14:37:54 - debug: sort compress task {}
20.03.2025 14:37:54 - debug: Num of all image compress task 11, really: 0, configTasks: 0
20.03.2025 14:37:54 - debug: No image need to compress
20.03.2025 14:37:54 - groupEnd: Compress image...
20.03.2025 14:37:54 - debug: Compress image success..., progress: 26%
20.03.2025 14:37:54 - debug: Ouput asset in bundles start, progress: 26%
20.03.2025 14:37:54 - debug: Handle all json groups in bundle internal
20.03.2025 14:37:54 - debug: handle json group
20.03.2025 14:37:54 - debug: Handle all json groups in bundle resources
20.03.2025 14:37:54 - debug: handle json group
20.03.2025 14:37:54 - debug: handle single json
20.03.2025 14:37:54 - debug: Handle all json groups in bundle main
20.03.2025 14:37:54 - debug: handle json group
20.03.2025 14:37:54 - debug: Json group(0c44681e6) compile success，json number: 6
20.03.2025 14:37:54 - debug: Json group(08518ba99) compile success，json number: 6
20.03.2025 14:37:54 - debug: Json group(07d87e8d1) compile success，json number: 6
20.03.2025 14:37:54 - debug: Json group(07d7de1c0) compile success，json number: 6
20.03.2025 14:37:54 - debug: Json group(0f624205f) compile success，json number: 6
20.03.2025 14:37:54 - debug: handle single json
20.03.2025 14:37:54 - debug: Json group(06d0d1cf5) compile success，json number: 6
20.03.2025 14:37:54 - debug: handle single json
20.03.2025 14:37:54 - debug: Output asset in bundles success, progress: 26%
20.03.2025 14:37:54 - debug: // ---- build task Build Assets ---- (310ms)
20.03.2025 14:37:54 - debug: run build task Build Assets success in 310 ms√, progress: 31%
20.03.2025 14:37:54 - debug: [Build Memory track]: Build Assets start:287.78MB, end 292.36MB, increase: 4.58MB
20.03.2025 14:37:54 - debug: Add md5 suffix to assets start, progress: 31%
20.03.2025 14:37:54 - debug: // ---- build task Add md5 suffix to assets ----
20.03.2025 14:37:54 - debug: // ---- build task Add md5 suffix to assets ---- (39ms)
20.03.2025 14:37:54 - debug: run build task Add md5 suffix to assets success in 39 ms√, progress: 36%
20.03.2025 14:37:54 - debug: [Build Memory track]: Add md5 suffix to assets start:292.45MB, end 292.55MB, increase: 107.78KB
20.03.2025 14:37:54 - debug: Query asset bundle start, progress: 36%
20.03.2025 14:37:54 - debug: // ---- build task Query asset bundle ----
20.03.2025 14:37:54 - debug: Output asset in bundles start, progress: 36%
20.03.2025 14:37:54 - debug: compress config of bundle internal...
20.03.2025 14:37:54 - debug: compress config of bundle internal success
20.03.2025 14:37:54 - debug: compress config of bundle resources...
20.03.2025 14:37:54 - debug: compress config of bundle resources success
20.03.2025 14:37:54 - debug: compress config of bundle main...
20.03.2025 14:37:54 - debug: compress config of bundle main success
20.03.2025 14:37:54 - debug: ouput config of bundle internal
20.03.2025 14:37:54 - debug: output config of bundle internal success
20.03.2025 14:37:54 - debug: ouput config of bundle resources
20.03.2025 14:37:54 - debug: output config of bundle resources success
20.03.2025 14:37:54 - debug: ouput config of bundle main
20.03.2025 14:37:54 - debug: output config of bundle main success
20.03.2025 14:37:54 - debug: Output asset in bundles success, progress: 36%
20.03.2025 14:37:54 - debug: // ---- build task Query asset bundle ---- (85ms)
20.03.2025 14:37:54 - debug: run build task Query asset bundle success in 85 ms√, progress: 41%
20.03.2025 14:37:54 - debug: [Build Memory track]: Query asset bundle start:292.57MB, end 292.91MB, increase: 351.64KB
20.03.2025 14:37:54 - debug: Sort some build options to settings.json start, progress: 41%
20.03.2025 14:37:54 - debug: // ---- build task Sort some build options to settings.json ----
20.03.2025 14:37:55 - debug: // ---- build task Sort some build options to settings.json ---- (46ms)
20.03.2025 14:37:55 - debug: run build task Sort some build options to settings.json success in 46 ms√, progress: 43%
20.03.2025 14:37:55 - debug: [Build Memory track]: Sort some build options to settings.json start:292.93MB, end 292.99MB, increase: 59.08KB
20.03.2025 14:37:55 - debug: Fill script data to settings start, progress: 43%
20.03.2025 14:37:55 - debug: // ---- build task Fill script data to settings ----
20.03.2025 14:37:55 - debug: // ---- build task Fill script data to settings ---- (39ms)
20.03.2025 14:37:55 - debug: run build task Fill script data to settings success in 39 ms√, progress: 44%
20.03.2025 14:37:55 - debug: [Build Memory track]: Fill script data to settings start:293.00MB, end 293.06MB, increase: 59.98KB
20.03.2025 14:37:55 - debug: Sort some build options to settings.json start, progress: 44%
20.03.2025 14:37:55 - debug: // ---- build task Sort some build options to settings.json ----
20.03.2025 14:37:55 - debug: // ---- build task Sort some build options to settings.json ---- (553ms)
20.03.2025 14:37:55 - debug: run build task Sort some build options to settings.json success in 553 ms√, progress: 46%
20.03.2025 14:37:55 - debug: [Build Memory track]: Sort some build options to settings.json start:293.08MB, end 293.21MB, increase: 138.13KB
20.03.2025 14:37:55 - debug: web-mobile:(onBeforeCompressSettings) start..., progress: 46%
20.03.2025 14:37:55 - debug: // ---- build task web-mobile：onBeforeCompressSettings ----
20.03.2025 14:37:55 - debug: // ---- build task web-mobile：onBeforeCompressSettings ---- (34ms)
20.03.2025 14:37:55 - debug: web-mobile:(onBeforeCompressSettings) in 34 ms ✓, progress: 48%
20.03.2025 14:37:55 - debug: cocos-service:(onBeforeCompressSettings) start..., progress: 48%
20.03.2025 14:37:55 - debug: // ---- build task cocos-service：onBeforeCompressSettings ----
20.03.2025 14:37:56 - debug: // ---- build task cocos-service：onBeforeCompressSettings ---- (736ms)
20.03.2025 14:37:56 - debug: cocos-service:(onBeforeCompressSettings) in 736 ms ✓, progress: 51%
20.03.2025 14:37:56 - debug: Save Settings.json start, progress: 51%
20.03.2025 14:37:56 - debug: // ---- build task Save Settings.json ----
20.03.2025 14:37:56 - debug: // ---- build task Save Settings.json ---- (53ms)
20.03.2025 14:37:56 - debug: run build task Save Settings.json success in 53 ms√, progress: 53%
20.03.2025 14:37:56 - debug: [Build Memory track]: Save Settings.json start:293.41MB, end 293.48MB, increase: 67.28KB
20.03.2025 14:37:56 - debug: Sort build template start, progress: 53%
20.03.2025 14:37:56 - debug: // ---- build task Sort build template ----
20.03.2025 14:37:56 - debug: // ---- build task Sort build template ---- (67ms)
20.03.2025 14:37:56 - debug: run build task Sort build template success in 67 ms√, progress: 56%
20.03.2025 14:37:56 - debug: [Build Memory track]: Sort build template start:293.49MB, end 289.63MB, increase: -3955.24KB
20.03.2025 14:37:56 - debug: cocos-service:(onAfterCompressSettings) start..., progress: 56%
20.03.2025 14:37:56 - debug: // ---- build task cocos-service：onAfterCompressSettings ----
20.03.2025 14:37:56 - debug: // ---- build task cocos-service：onAfterCompressSettings ---- (381ms)
20.03.2025 14:37:56 - debug: cocos-service:(onAfterCompressSettings) in 381 ms ✓, progress: 58%
20.03.2025 14:37:56 - debug: web-mobile:(onAfterBuild) start..., progress: 58%
20.03.2025 14:37:56 - debug: // ---- build task web-mobile：onAfterBuild ----
20.03.2025 14:37:56 - debug: // ---- build task web-mobile：onAfterBuild ---- (58ms)
20.03.2025 14:37:56 - debug: web-mobile:(onAfterBuild) in 58 ms ✓, progress: 60%
20.03.2025 14:37:56 - debug: cocos-service:(onAfterBuild) start..., progress: 60%
20.03.2025 14:37:56 - debug: // ---- build task cocos-service：onAfterBuild ----
20.03.2025 14:37:57 - debug: // ---- build task cocos-service：onAfterBuild ---- (360ms)
20.03.2025 14:37:57 - debug: cocos-service:(onAfterBuild) in 360 ms ✓, progress: 62%
20.03.2025 14:37:57 - debug: adsense-h5g-plugin:(onAfterBuild) start..., progress: 62%
20.03.2025 14:37:57 - debug: // ---- build task adsense-h5g-plugin：onAfterBuild ----
20.03.2025 14:37:57 - debug: // ---- build task adsense-h5g-plugin：onAfterBuild ---- (31ms)
20.03.2025 14:37:57 - debug: adsense-h5g-plugin:(onAfterBuild) in 31 ms ✓, progress: 64%
20.03.2025 14:37:57 - debug: super-html:(onAfterBuild) start..., progress: 64%
20.03.2025 14:37:57 - debug: // ---- build task super-html：onAfterBuild ----
20.03.2025 14:37:57 - log: super-html : -- start --
20.03.2025 14:37:57 - log: super-html : engine version 3.8.2
20.03.2025 14:37:59 - debug: // ---- build task super-html：onAfterBuild ---- (1635ms)
20.03.2025 14:37:59 - debug: super-html:(onAfterBuild) in 1635 ms ✓, progress: 67%
20.03.2025 14:37:59 - log: Asset DB is resume!
20.03.2025 14:37:59 - debug: builder:build-project-total (13558ms)
20.03.2025 14:37:59 - debug: build success in 13558!
20.03.2025 14:37:59 - debug: [Build Memory track]: builder:build-project-total start:246.74MB, end 259.85MB, increase: 13.12MB
20.03.2025 14:37:59 - debug: ================================ build Task (web-mobile) Finished in (13 s)ms ================================
