21.03.2025 12:31:08-log: Cannot access game frame or container.
21.03.2025 12:31:09-debug: asset-db:require-engine-code (4613ms)
21.03.2025 12:31:13-log: meshopt wasm decoder initialized
21.03.2025 12:31:13-log: [box2d]:box2d wasm lib loaded.
21.03.2025 12:31:14-log: [bullet]:bullet wasm lib loaded.
21.03.2025 12:31:50-log: Cocos Creator v3.8.2
21.03.2025 12:31:51-debug: [Assets Memory track]: asset-db:worker-init: initEngine start:19.73MB, end 100.68MB, increase: 80.95MB
21.03.2025 12:32:04-debug: [Assets Memory track]: asset-db-plugin-register: engine-extends start:103.69MB, end 197.94MB, increase: 94.25MB
21.03.2025 12:31:53-debug: [Assets Memory track]: asset-db-plugin-register: programming start:100.86MB, end 103.64MB, increase: 2.78MB
21.03.2025 12:32:04-debug: [Assets Memory track]: asset-db:worker-init: initPlugin start:100.69MB, end 198.11MB, increase: 97.43MB
21.03.2025 12:32:04-debug: [Assets Memory track]: asset-db-plugin-enable: project start:104.06MB, end 197.95MB, increase: 93.89MB
21.03.2025 12:32:04-debug: [Assets Memory track]: asset-db-plugin-enable: builder start:102.78MB, end 194.56MB, increase: 91.78MB
21.03.2025 12:32:04-debug: run package(super-html) handler(enable) success!
21.03.2025 12:32:04-debug: run package(super-html) handler(enable) start
21.03.2025 12:32:04-debug: run package(placeholder) handler(enable) start
21.03.2025 12:32:04-debug: run package(placeholder) handler(enable) success!
21.03.2025 12:32:04-debug: asset-db:worker-init: initPlugin (13190ms)
21.03.2025 12:32:04-debug: [Assets Memory track]: asset-db:worker-init start:19.73MB, end 198.22MB, increase: 178.49MB
21.03.2025 12:32:04-debug: Run asset db hook programming:beforePreStart ...
21.03.2025 12:32:04-debug: Run asset db hook programming:beforePreStart success!
21.03.2025 12:32:04-debug: Run asset db hook engine-extends:beforePreStart ...
21.03.2025 12:32:04-debug: Run asset db hook engine-extends:beforePreStart success!
21.03.2025 12:32:17-debug: asset-db:worker-init (72477ms)
21.03.2025 12:32:17-debug: asset-db-hook-programming-beforePreStart (13145ms)
21.03.2025 12:32:17-debug: asset-db-hook-engine-extends-beforePreStart (13145ms)
21.03.2025 12:32:19-debug: Preimport db internal success
21.03.2025 12:32:20-debug: Preimport db assets success
21.03.2025 12:32:20-debug: Run asset db hook programming:afterPreStart ...
21.03.2025 12:32:20-debug: starting packer-driver...
21.03.2025 12:32:23-debug: initialize scripting environment...
21.03.2025 12:32:23-debug: Set detail map pack:///resolution-detail-map.json: {}
21.03.2025 12:32:23-debug: Run asset db hook programming:afterPreStart success!
21.03.2025 12:32:23-debug: Start up the 'internal' database...
21.03.2025 12:32:23-debug: Run asset db hook engine-extends:afterPreStart ...
21.03.2025 12:32:23-debug: Run asset db hook engine-extends:afterPreStart success!
21.03.2025 12:32:27-debug: asset-db-hook-programming-afterPreStart (6599ms)
21.03.2025 12:32:27-debug: asset-db:worker-effect-data-processing (3561ms)
21.03.2025 12:32:27-debug: asset-db-hook-engine-extends-afterPreStart (3562ms)
21.03.2025 12:32:28-debug: Start up the 'assets' database...
21.03.2025 12:32:31-debug: asset-db:worker-startup-database[internal] (21605ms)
21.03.2025 12:32:32-debug: asset-db:worker-startup-database[assets] (13487ms)
21.03.2025 12:32:32-debug: asset-db:start-database (28431ms)
21.03.2025 12:32:32-debug: asset-db:ready (104057ms)
21.03.2025 12:32:32-debug: init worker message success
21.03.2025 12:33:09-debug: [Build Memory track]: builder:worker-init start:183.35MB, end 207.42MB, increase: 24.07MB
21.03.2025 12:33:09-debug: programming:execute-script (55ms)
21.03.2025 12:33:09-debug: builder:worker-init (36338ms)
21.03.2025 12:33:11-debug: programming:execute-script (31ms)
21.03.2025 12:33:15-debug: refresh db internal success
21.03.2025 12:33:15-debug: refresh db assets success
21.03.2025 12:33:15-debug: Run asset db hook engine-extends:afterRefresh ...
21.03.2025 12:33:15-debug: Run asset db hook engine-extends:afterRefresh success!
21.03.2025 12:33:15-debug: asset-db:refresh-all-database (584ms)
21.03.2025 12:33:15-debug: asset-db:worker-effect-data-processing (2ms)
21.03.2025 12:33:15-debug: asset-db-hook-engine-extends-afterRefresh (3ms)
